2023-09-01 12:38:32.0515|INFO|browserstack_sdk.Program|Detected Selenium version 4.12.2
2023-09-01 12:38:32.0752|INFO|browserstack_sdk.Program|Detected Appium version 5.0.0-beta04
2023-09-01 12:38:32.3510|INFO|browserstack_sdk.Program|Detected dotnet version 7.0.304
2023-09-01 12:38:39.3799|INFO|browserstack_sdk.Program|Detected Selenium version 4.12.2
2023-09-01 12:38:39.4038|INFO|browserstack_sdk.Program|Detected Appium version 5.0.0-beta04
2023-09-01 12:38:39.6866|INFO|browserstack_sdk.Program|Detected dotnet version 7.0.304
2023-09-01 12:38:40.0813|INFO|browserstack_sdk.utils|Using existing app id bs://9872c20722c1e24005a3bb4bba6e1e1a71af4fe9 for hash : 27de2696bdaf3ea6a8c16edef605534f.
2023-09-01 12:38:40.0813|INFO|browserstack_sdk.Configuration|Using App : bs://9872c20722c1e24005a3bb4bba6e1e1a71af4fe9.
2023-09-01 12:39:20.3988|INFO|browserstack_sdk.Program|
C:\Users\aruli.baskaran\source\repos\BrowserstackIssueProject\BrowserstackIssueProject>echo "running bat file" 
"running bat file"

C:\Users\aruli.baskaran\source\repos\BrowserstackIssueProject\BrowserstackIssueProject>cd C:\Users\aruli.baskaran\source\repos\BrowserstackIssueProject\BrowserstackIssueProject 

C:\Users\aruli.baskaran\source\repos\BrowserstackIssueProject\BrowserstackIssueProject>dotnet test "C:\Users\aruli.baskaran\source\repos\BrowserstackIssueProject\BrowserstackIssueProject\bin\Debug\net6.0\BrowserstackIssueProject.dll" --filter "(FullyQualifiedName=BrowserstackIssueProject.Features.BrowserStackIssueProjectForCustomConfigAndLocalWebVerificationFeature.VerifyMobileAppAndLocalWebVerification)" --no-build  "--logger:trx;LogFileName=C:\Users\aruli.baskaran\AppData\Local\Temp\190\.browserstack\results_dotnet\result_0\NUnit-Browserstack.xml" 
The following arguments have been ignored : "--no-build"
Microsoft (R) Test Execution Command Line Tool Version 17.6.0 (x64)
Copyright (c) Microsoft Corporation.  All rights reserved.

Starting test execution, please wait...
A total of 1 test files matched the specified pattern.
Failed to load extensions from file 'C:\Users\aruli.baskaran\source\repos\BrowserstackIssueProject\BrowserstackIssueProject\bin\Debug\net6.0\ZZStack.TestAdapter.dll'. Please use /diag for more information.
Results File: C:\Users\aruli.baskaran\AppData\Local\Temp\190\.browserstack\results_dotnet\result_0\NUnit-Browserstack.xml

Passed!  - Failed:     0, Passed:     1, Skipped:     0, Total:     1, Duration: 32 s - BrowserstackIssueProject.dll (net6.0)

C:\Users\aruli.baskaran\source\repos\BrowserstackIssueProject\BrowserstackIssueProject>echo "completed bat file" 
"completed bat file"

2023-09-01 12:44:42.2756|INFO|browserstack_sdk.Program|Detected Selenium version 4.12.2
2023-09-01 12:44:42.3000|INFO|browserstack_sdk.Program|Detected Appium version 5.0.0-beta04
2023-09-01 12:44:42.5708|INFO|browserstack_sdk.Program|Detected dotnet version 7.0.304
2023-09-01 12:44:48.8725|INFO|browserstack_sdk.Program|Detected Selenium version 4.12.2
2023-09-01 12:44:48.8958|INFO|browserstack_sdk.Program|Detected Appium version 5.0.0-beta04
2023-09-01 12:44:49.1829|INFO|browserstack_sdk.Program|Detected dotnet version 7.0.304
2023-09-01 12:44:49.6656|INFO|browserstack_sdk.utils|Using existing app id bs://9872c20722c1e24005a3bb4bba6e1e1a71af4fe9 for hash : 27de2696bdaf3ea6a8c16edef605534f.
2023-09-01 12:44:49.6656|INFO|browserstack_sdk.Configuration|Using App : bs://9872c20722c1e24005a3bb4bba6e1e1a71af4fe9.
2023-09-01 12:48:36.6903|INFO|browserstack_sdk.Program|
C:\Users\aruli.baskaran\source\repos\BrowserstackIssueProject\BrowserstackIssueProject>echo "running bat file" 
"running bat file"

C:\Users\aruli.baskaran\source\repos\BrowserstackIssueProject\BrowserstackIssueProject>cd C:\Users\aruli.baskaran\source\repos\BrowserstackIssueProject\BrowserstackIssueProject 

C:\Users\aruli.baskaran\source\repos\BrowserstackIssueProject\BrowserstackIssueProject>dotnet test "C:\Users\aruli.baskaran\source\repos\BrowserstackIssueProject\BrowserstackIssueProject\bin\Debug\net6.0\BrowserstackIssueProject.dll" --filter "(FullyQualifiedName=BrowserstackIssueProject.Features.BrowserStackIssueProjectForCustomConfigAndLocalWebVerificationFeature.VerifyMobileAppAndLocalWebVerification)" --no-build  "--logger:trx;LogFileName=C:\Users\aruli.baskaran\AppData\Local\Temp\190\.browserstack\results_dotnet\result_0\NUnit-Browserstack.xml" 
The following arguments have been ignored : "--no-build"
Microsoft (R) Test Execution Command Line Tool Version 17.6.0 (x64)
Copyright (c) Microsoft Corporation.  All rights reserved.

Starting test execution, please wait...
A total of 1 test files matched the specified pattern.
Failed to load extensions from file 'C:\Users\aruli.baskaran\source\repos\BrowserstackIssueProject\BrowserstackIssueProject\bin\Debug\net6.0\ZZStack.TestAdapter.dll'. Please use /diag for more information.
Results File: C:\Users\aruli.baskaran\AppData\Local\Temp\190\.browserstack\results_dotnet\result_0\NUnit-Browserstack.xml

Passed!  - Failed:     0, Passed:     1, Skipped:     0, Total:     1, Duration: 3 m 41 s - BrowserstackIssueProject.dll (net6.0)

C:\Users\aruli.baskaran\source\repos\BrowserstackIssueProject\BrowserstackIssueProject>echo "completed bat file" 
"completed bat file"

2023-09-01 12:50:51.4989|INFO|browserstack_sdk.Program|Detected Selenium version 4.12.2
2023-09-01 12:50:51.5232|INFO|browserstack_sdk.Program|Detected Appium version 5.0.0-beta04
2023-09-01 12:50:51.8330|INFO|browserstack_sdk.Program|Detected dotnet version 7.0.304
2023-09-01 12:50:51.8432|INFO|browserstack_sdk.Program|Building project
2023-09-01 12:51:06.6280|ERROR|browserstack_sdk.Program|Build failed with error
2023-09-01 12:51:06.6280|ERROR|browserstack_sdk.Program|
MSBuild version 17.6.3+07e294721 for .NET
  Determining projects to restore...
C:\Users\aruli.baskaran\source\repos\BrowserstackIssueProject\BrowserstackIssueProject\BrowserstackIssueProject.csproj : warning NU1803: You are running the 'restore' operation with an 'HTTP' source, 'http://tfs.talktalkgroup.com:8080/TalkTalkNuGet/OSS/Nuget'. Non-HTTPS access will be removed in a future version. Consider migrating to an 'HTTPS' source.
  All projects are up-to-date for restore.
  SpecFlowFeatureFiles: Features\BSIssue.feature
  -> Using default config
  SpecFlowGeneratedFiles: Features\BSIssue.feature.cs
  Creating this template will make changes to existing files:
    Overwrite   ./.config/dotnet-tools.json
  
  To create the template anyway, run the command with '--force' option:
     dotnet new tool-manifest --force
  
  
  For details on the exit code, refer to https://aka.ms/templating-exit-codes#73
C:\Users\aruli.baskaran\.nuget\packages\browserstack.testadapter\0.1.2\build\BrowserStack.TestAdapter.targets(8,4): warning MSB3073: The command "dotnet new tool-manifest" exited with code 73. [C:\Users\aruli.baskaran\source\repos\BrowserstackIssueProject\BrowserstackIssueProject\BrowserstackIssueProject.csproj]
C:\Users\aruli.baskaran\AppData\Local\Temp\190\5b7c5679-8534-49d0-86fe-ae93f062facc\restore.csproj : warning NU1803: You are running the 'restore' operation with an 'HTTP' source, 'http://tfs.talktalkgroup.com:8080/TalkTalkNuGet/OSS/Nuget'. Non-HTTPS access will be removed in a future version. Consider migrating to an 'HTTPS' source. [C:\Users\aruli.baskaran\source\repos\BrowserstackIssueProject\BrowserstackIssueProject\BrowserstackIssueProject.csproj]
  You can invoke the tool from this directory using the following commands: 'dotnet tool run browserstack-sdk' or 'dotnet browserstack-sdk'.
  Tool 'browserstack-sdk' (version '1.4.0') was successfully installed. Entry is added to the manifest file C:\Users\aruli.baskaran\source\repos\BrowserstackIssueProject\BrowserstackIssueProject\.config\dotnet-tools.json.
  2023-09-01 12:51:02.2457|INFO|browserstack_sdk.Program|Detected Selenium version 4.12.2
  2023-09-01 12:51:02.2784|INFO|browserstack_sdk.Program|Detected Appium version 5.0.0-beta04
  2023-09-01 12:51:02.6039|INFO|browserstack_sdk.Program|Detected dotnet version 7.0.304
C:\Users\aruli.baskaran\source\repos\BrowserstackIssueProject\BrowserstackIssueProject\BrowserstackIssueProject.csproj : warning NU1803: You are running the 'restore' operation with an 'HTTP' source, 'http://tfs.talktalkgroup.com:8080/TalkTalkNuGet/OSS/Nuget'. Non-HTTPS access will be removed in a future version. Consider migrating to an 'HTTPS' source.
C:\Users\aruli.baskaran\source\repos\BrowserstackIssueProject\BrowserstackIssueProject\obj\Debug\net6.0\BrowserStackPatch.cs(30,23): error CS0101: The namespace '<global namespace>' already contains a definition for 'Initializer' [C:\Users\aruli.baskaran\source\repos\BrowserstackIssueProject\BrowserstackIssueProject\BrowserstackIssueProject.csproj]
C:\Users\aruli.baskaran\source\repos\BrowserstackIssueProject\BrowserstackIssueProject\obj\Debug\net6.0\BrowserStackPatch.cs(74,14): error CS0101: The namespace '<global namespace>' already contains a definition for 'BrowserstackPatcher' [C:\Users\aruli.baskaran\source\repos\BrowserstackIssueProject\BrowserstackIssueProject\BrowserstackIssueProject.csproj]
C:\Users\aruli.baskaran\source\repos\BrowserstackIssueProject\BrowserstackIssueProject\obj\Debug\net6.0\BrowserStackPatch.cs(96,7): error CS0101: The namespace '<global namespace>' already contains a definition for 'BrowserStackException' [C:\Users\aruli.baskaran\source\repos\BrowserstackIssueProject\BrowserstackIssueProject\BrowserstackIssueProject.csproj]
C:\Users\aruli.baskaran\source\repos\BrowserstackIssueProject\BrowserstackIssueProject\obj\Debug\net6.0\BrowserStackPatch.cs(116,7): error CS0101: The namespace '<global namespace>' already contains a definition for 'BrowserStackOptions' [C:\Users\aruli.baskaran\source\repos\BrowserstackIssueProject\BrowserstackIssueProject\BrowserstackIssueProject.csproj]
C:\Users\aruli.baskaran\source\repos\BrowserstackIssueProject\BrowserstackIssueProject\obj\Debug\net6.0\BrowserStackPatch.cs(153,7): error CS0101: The namespace '<global namespace>' already contains a definition for 'ExecutorPatch' [C:\Users\aruli.baskaran\source\repos\BrowserstackIssueProject\BrowserstackIssueProject\BrowserstackIssueProject.csproj]
C:\Users\aruli.baskaran\source\repos\BrowserstackIssueProject\BrowserstackIssueProject\obj\Debug\net6.0\BrowserStackPatch.cs(166,7): error CS0101: The namespace '<global namespace>' already contains a definition for 'ResponsePatch' [C:\Users\aruli.baskaran\source\repos\BrowserstackIssueProject\BrowserstackIssueProject\BrowserstackIssueProject.csproj]
C:\Users\aruli.baskaran\source\repos\BrowserstackIssueProject\BrowserstackIssueProject\obj\Debug\net6.0\BrowserStackPatch.cs(191,7): error CS0101: The namespace '<global namespace>' already contains a definition for 'CommandExecutorPatch' [C:\Users\aruli.baskaran\source\repos\BrowserstackIssueProject\BrowserstackIssueProject\BrowserstackIssueProject.csproj]
C:\Users\aruli.baskaran\source\repos\BrowserstackIssueProject\BrowserstackIssueProject\obj\Debug\net6.0\BrowserStackPatch.cs(208,7): error CS0101: The namespace '<global namespace>' already contains a definition for 'ServicePatch' [C:\Users\aruli.baskaran\source\repos\BrowserstackIssueProject\BrowserstackIssueProject\BrowserstackIssueProject.csproj]
C:\Users\aruli.baskaran\source\repos\BrowserstackIssueProject\BrowserstackIssueProject\obj\Debug\net6.0\BrowserStackPatch.cs(224,7): error CS0101: The namespace '<global namespace>' already contains a definition for 'FindDriverServiceExecutablePatch' [C:\Users\aruli.baskaran\source\repos\BrowserstackIssueProject\BrowserstackIssueProject\BrowserstackIssueProject.csproj]
C:\Users\aruli.baskaran\source\repos\BrowserstackIssueProject\BrowserstackIssueProject\obj\Debug\net6.0\BrowserStackPatch.cs(238,7): error CS0101: The namespace '<global namespace>' already contains a definition for 'StartPatch' [C:\Users\aruli.baskaran\source\repos\BrowserstackIssueProject\BrowserstackIssueProject\BrowserstackIssueProject.csproj]
C:\Users\aruli.baskaran\source\repos\BrowserstackIssueProject\BrowserstackIssueProject\obj\Debug\net6.0\BrowserStackPatch.cs(249,7): error CS0101: The namespace '<global namespace>' already contains a definition for 'WebDriverPatch' [C:\Users\aruli.baskaran\source\repos\BrowserstackIssueProject\BrowserstackIssueProject\BrowserstackIssueProject.csproj]
C:\Users\aruli.baskaran\source\repos\BrowserstackIssueProject\BrowserstackIssueProject\obj\Debug\net6.0\BrowserStackPatch.cs(413,7): error CS0101: The namespace '<global namespace>' already contains a definition for 'QuitPatch' [C:\Users\aruli.baskaran\source\repos\BrowserstackIssueProject\BrowserstackIssueProject\BrowserstackIssueProject.csproj]
C:\Users\aruli.baskaran\source\repos\BrowserstackIssueProject\BrowserstackIssueProject\obj\Debug\net6.0\BrowserStackPatch.cs(437,7): error CS0101: The namespace '<global namespace>' already contains a definition for 'GoToUrlPatch' [C:\Users\aruli.baskaran\source\repos\BrowserstackIssueProject\BrowserstackIssueProject\BrowserstackIssueProject.csproj]
C:\Users\aruli.baskaran\source\repos\BrowserstackIssueProject\BrowserstackIssueProject\obj\Debug\net6.0\BrowserStackPatch.cs(609,7): error CS0101: The namespace '<global namespace>' already contains a definition for 'Patch07' [C:\Users\aruli.baskaran\source\repos\BrowserstackIssueProject\BrowserstackIssueProject\BrowserstackIssueProject.csproj]
C:\Users\aruli.baskaran\source\repos\BrowserstackIssueProject\BrowserstackIssueProject\obj\Debug\net6.0\BrowserStackPatch.cs(620,7): error CS0101: The namespace '<global namespace>' already contains a definition for 'PatchTest' [C:\Users\aruli.baskaran\source\repos\BrowserstackIssueProject\BrowserstackIssueProject\BrowserstackIssueProject.csproj]
C:\Users\aruli.baskaran\source\repos\BrowserstackIssueProject\BrowserstackIssueProject\obj\Debug\net6.0\BrowserStackPatch.cs(240,17): error CS0111: Type 'StartPatch' already defines a member called 'Prefix' with the same parameter types [C:\Users\aruli.baskaran\source\repos\BrowserstackIssueProject\BrowserstackIssueProject\BrowserstackIssueProject.csproj]
C:\Users\aruli.baskaran\source\repos\BrowserstackIssueProject\BrowserstackIssueProject\obj\Debug\net6.0\BrowserStackPatch.cs(79,24): error CS0111: Type 'BrowserstackPatcher' already defines a member called 'DoPatching' with the same parameter types [C:\Users\aruli.baskaran\source\repos\BrowserstackIssueProject\BrowserstackIssueProject\BrowserstackIssueProject.csproj]
C:\Users\aruli.baskaran\source\repos\BrowserstackIssueProject\BrowserstackIssueProject\obj\Debug\net6.0\BrowserStackPatch.cs(623,24): error CS0111: Type 'PatchTest' already defines a member called 'Prefix' with the same parameter types [C:\Users\aruli.baskaran\source\repos\BrowserstackIssueProject\BrowserstackIssueProject\BrowserstackIssueProject.csproj]
C:\Users\aruli.baskaran\source\repos\BrowserstackIssueProject\BrowserstackIssueProject\obj\Debug\net6.0\BrowserStackPatch.cs(628,29): error CS0111: Type 'PatchTest' already defines a member called 'Finalizer' with the same parameter types [C:\Users\aruli.baskaran\source\repos\BrowserstackIssueProject\BrowserstackIssueProject\BrowserstackIssueProject.csproj]
C:\Users\aruli.baskaran\source\repos\BrowserstackIssueProject\BrowserstackIssueProject\obj\Debug\net6.0\BrowserStackPatch.cs(226,23): error CS0111: Type 'FindDriverServiceExecutablePatch' already defines a member called 'TargetMethod' with the same parameter types [C:\Users\aruli.baskaran\source\repos\BrowserstackIssueProject\BrowserstackIssueProject\BrowserstackIssueProject.csproj]
C:\Users\aruli.baskaran\source\repos\BrowserstackIssueProject\BrowserstackIssueProject\obj\Debug\net6.0\BrowserStackPatch.cs(231,17): error CS0111: Type 'FindDriverServiceExecutablePatch' already defines a member called 'Prefix' with the same parameter types [C:\Users\aruli.baskaran\source\repos\BrowserstackIssueProject\BrowserstackIssueProject\BrowserstackIssueProject.csproj]
C:\Users\aruli.baskaran\source\repos\BrowserstackIssueProject\BrowserstackIssueProject\obj\Debug\net6.0\BrowserStackPatch.cs(441,29): error CS0111: Type 'GoToUrlPatch' already defines a member called 'TargetMethods' with the same parameter types [C:\Users\aruli.baskaran\source\repos\BrowserstackIssueProject\BrowserstackIssueProject\BrowserstackIssueProject.csproj]
C:\Users\aruli.baskaran\source\repos\BrowserstackIssueProject\BrowserstackIssueProject\obj\Debug\net6.0\BrowserStackPatch.cs(449,17): error CS0111: Type 'GoToUrlPatch' already defines a member called 'Prefix' with the same parameter types [C:\Users\aruli.baskaran\source\repos\BrowserstackIssueProject\BrowserstackIssueProject\BrowserstackIssueProject.csproj]
C:\Users\aruli.baskaran\source\repos\BrowserstackIssueProject\BrowserstackIssueProject\obj\Debug\net6.0\BrowserStackPatch.cs(456,17): error CS0111: Type 'GoToUrlPatch' already defines a member called 'getNudgeLocalNotSetError' with the same parameter types [C:\Users\aruli.baskaran\source\repos\BrowserstackIssueProject\BrowserstackIssueProject\BrowserstackIssueProject.csproj]
C:\Users\aruli.baskaran\source\repos\BrowserstackIssueProject\BrowserstackIssueProject\obj\Debug\net6.0\BrowserStackPatch.cs(490,19): error CS0111: Type 'GoToUrlPatch' already defines a member called 'GetHostName' with the same parameter types [C:\Users\aruli.baskaran\source\repos\BrowserstackIssueProject\BrowserstackIssueProject\BrowserstackIssueProject.csproj]
C:\Users\aruli.baskaran\source\repos\BrowserstackIssueProject\BrowserstackIssueProject\obj\Debug\net6.0\BrowserStackPatch.cs(506,17): error CS0111: Type 'GoToUrlPatch' already defines a member called 'IsPrivateDomainOrIP' with the same parameter types [C:\Users\aruli.baskaran\source\repos\BrowserstackIssueProject\BrowserstackIssueProject\BrowserstackIssueProject.csproj]
C:\Users\aruli.baskaran\source\repos\BrowserstackIssueProject\BrowserstackIssueProject\obj\Debug\net6.0\BrowserStackPatch.cs(529,26): error CS0111: Type 'GoToUrlPatch' already defines a member called 'GetTempDir' with the same parameter types [C:\Users\aruli.baskaran\source\repos\BrowserstackIssueProject\BrowserstackIssueProject\BrowserstackIssueProject.csproj]
C:\Users\aruli.baskaran\source\repos\BrowserstackIssueProject\BrowserstackIssueProject\obj\Debug\net6.0\BrowserStackPatch.cs(546,22): error CS0111: Type 'GoToUrlPatch' already defines a member called 'Finalizer' with the same parameter types [C:\Users\aruli.baskaran\source\repos\BrowserstackIssueProject\BrowserstackIssueProject\BrowserstackIssueProject.csproj]
C:\Users\aruli.baskaran\source\repos\BrowserstackIssueProject\BrowserstackIssueProject\obj\Debug\net6.0\BrowserStackPatch.cs(34,26): error CS0111: Type 'Initializer' already defines a member called 'Run' with the same parameter types [C:\Users\aruli.baskaran\source\repos\BrowserstackIssueProject\BrowserstackIssueProject\BrowserstackIssueProject.csproj]
C:\Users\aruli.baskaran\source\repos\BrowserstackIssueProject\BrowserstackIssueProject\obj\Debug\net6.0\BrowserStackPatch.cs(64,17): error CS0111: Type 'Initializer' already defines a member called 'VanilaErrorHandler' with the same parameter types [C:\Users\aruli.baskaran\source\repos\BrowserstackIssueProject\BrowserstackIssueProject\BrowserstackIssueProject.csproj]
C:\Users\aruli.baskaran\source\repos\BrowserstackIssueProject\BrowserstackIssueProject\obj\Debug\net6.0\BrowserStackPatch.cs(210,17): error CS0111: Type 'ServicePatch' already defines a member called 'Prefix' with the same parameter types [C:\Users\aruli.baskaran\source\repos\BrowserstackIssueProject\BrowserstackIssueProject\BrowserstackIssueProject.csproj]
C:\Users\aruli.baskaran\source\repos\BrowserstackIssueProject\BrowserstackIssueProject\obj\Debug\net6.0\BrowserStackPatch.cs(155,17): error CS0111: Type 'ExecutorPatch' already defines a member called 'Prefix' with the same parameter types [C:\Users\aruli.baskaran\source\repos\BrowserstackIssueProject\BrowserstackIssueProject\BrowserstackIssueProject.csproj]
C:\Users\aruli.baskaran\source\repos\BrowserstackIssueProject\BrowserstackIssueProject\obj\Debug\net6.0\BrowserStackPatch.cs(118,12): error CS0111: Type 'BrowserStackOptions' already defines a member called 'BrowserStackOptions' with the same parameter types [C:\Users\aruli.baskaran\source\repos\BrowserstackIssueProject\BrowserstackIssueProject\BrowserstackIssueProject.csproj]
C:\Users\aruli.baskaran\source\repos\BrowserstackIssueProject\BrowserstackIssueProject\obj\Debug\net6.0\BrowserStackPatch.cs(128,17): error CS0111: Type 'BrowserStackOptions' already defines a member called 'AddBrowserName' with the same parameter types [C:\Users\aruli.baskaran\source\repos\BrowserstackIssueProject\BrowserstackIssueProject\BrowserstackIssueProject.csproj]
C:\Users\aruli.baskaran\source\repos\BrowserstackIssueProject\BrowserstackIssueProject\obj\Debug\net6.0\BrowserStackPatch.cs(134,17): error CS0111: Type 'BrowserStackOptions' already defines a member called 'AddBrowserVersion' with the same parameter types [C:\Users\aruli.baskaran\source\repos\BrowserstackIssueProject\BrowserstackIssueProject\BrowserstackIssueProject.csproj]
C:\Users\aruli.baskaran\source\repos\BrowserstackIssueProject\BrowserstackIssueProject\obj\Debug\net6.0\BrowserStackPatch.cs(142,35): error CS0111: Type 'BrowserStackOptions' already defines a member called 'ToCapabilities' with the same parameter types [C:\Users\aruli.baskaran\source\repos\BrowserstackIssueProject\BrowserstackIssueProject\BrowserstackIssueProject.csproj]
C:\Users\aruli.baskaran\source\repos\BrowserstackIssueProject\BrowserstackIssueProject\obj\Debug\net6.0\BrowserStackPatch.cs(193,17): error CS0111: Type 'CommandExecutorPatch' already defines a member called 'Prefix' with the same parameter types [C:\Users\aruli.baskaran\source\repos\BrowserstackIssueProject\BrowserstackIssueProject\BrowserstackIssueProject.csproj]
C:\Users\aruli.baskaran\source\repos\BrowserstackIssueProject\BrowserstackIssueProject\obj\Debug\net6.0\BrowserStackPatch.cs(100,12): error CS0111: Type 'BrowserStackException' already defines a member called 'BrowserStackException' with the same parameter types [C:\Users\aruli.baskaran\source\repos\BrowserstackIssueProject\BrowserstackIssueProject\BrowserstackIssueProject.csproj]
C:\Users\aruli.baskaran\source\repos\BrowserstackIssueProject\BrowserstackIssueProject\obj\Debug\net6.0\BrowserStackPatch.cs(415,24): error CS0111: Type 'QuitPatch' already defines a member called 'Prefix' with the same parameter types [C:\Users\aruli.baskaran\source\repos\BrowserstackIssueProject\BrowserstackIssueProject\BrowserstackIssueProject.csproj]
C:\Users\aruli.baskaran\source\repos\BrowserstackIssueProject\BrowserstackIssueProject\obj\Debug\net6.0\BrowserStackPatch.cs(168,17): error CS0111: Type 'ResponsePatch' already defines a member called 'Postfix' with the same parameter types [C:\Users\aruli.baskaran\source\repos\BrowserstackIssueProject\BrowserstackIssueProject\BrowserstackIssueProject.csproj]
C:\Users\aruli.baskaran\source\repos\BrowserstackIssueProject\BrowserstackIssueProject\obj\Debug\net6.0\BrowserStackPatch.cs(611,13): error CS0111: Type 'Patch07' already defines a member called 'Prefix' with the same parameter types [C:\Users\aruli.baskaran\source\repos\BrowserstackIssueProject\BrowserstackIssueProject\BrowserstackIssueProject.csproj]
C:\Users\aruli.baskaran\source\repos\BrowserstackIssueProject\BrowserstackIssueProject\obj\Debug\net6.0\BrowserStackPatch.cs(257,17): error CS0111: Type 'WebDriverPatch' already defines a member called 'Prefix' with the same parameter types [C:\Users\aruli.baskaran\source\repos\BrowserstackIssueProject\BrowserstackIssueProject\BrowserstackIssueProject.csproj]
C:\Users\aruli.baskaran\source\repos\BrowserstackIssueProject\BrowserstackIssueProject\obj\Debug\net6.0\BrowserStackPatch.cs(407,17): error CS0111: Type 'WebDriverPatch' already defines a member called 'Postfix' with the same parameter types [C:\Users\aruli.baskaran\source\repos\BrowserstackIssueProject\BrowserstackIssueProject\BrowserstackIssueProject.csproj]

Build FAILED.

C:\Users\aruli.baskaran\source\repos\BrowserstackIssueProject\BrowserstackIssueProject\BrowserstackIssueProject.csproj : warning NU1803: You are running the 'restore' operation with an 'HTTP' source, 'http://tfs.talktalkgroup.com:8080/TalkTalkNuGet/OSS/Nuget'. Non-HTTPS access will be removed in a future version. Consider migrating to an 'HTTPS' source.
C:\Users\aruli.baskaran\.nuget\packages\browserstack.testadapter\0.1.2\build\BrowserStack.TestAdapter.targets(8,4): warning MSB3073: The command "dotnet new tool-manifest" exited with code 73. [C:\Users\aruli.baskaran\source\repos\BrowserstackIssueProject\BrowserstackIssueProject\BrowserstackIssueProject.csproj]
C:\Users\aruli.baskaran\source\repos\BrowserstackIssueProject\BrowserstackIssueProject\obj\Debug\net6.0\BrowserStackPatch.cs(30,23): error CS0101: The namespace '<global namespace>' already contains a definition for 'Initializer' [C:\Users\aruli.baskaran\source\repos\BrowserstackIssueProject\BrowserstackIssueProject\BrowserstackIssueProject.csproj]
C:\Users\aruli.baskaran\source\repos\BrowserstackIssueProject\BrowserstackIssueProject\obj\Debug\net6.0\BrowserStackPatch.cs(74,14): error CS0101: The namespace '<global namespace>' already contains a definition for 'BrowserstackPatcher' [C:\Users\aruli.baskaran\source\repos\BrowserstackIssueProject\BrowserstackIssueProject\BrowserstackIssueProject.csproj]
C:\Users\aruli.baskaran\source\repos\BrowserstackIssueProject\BrowserstackIssueProject\obj\Debug\net6.0\BrowserStackPatch.cs(96,7): error CS0101: The namespace '<global namespace>' already contains a definition for 'BrowserStackException' [C:\Users\aruli.baskaran\source\repos\BrowserstackIssueProject\BrowserstackIssueProject\BrowserstackIssueProject.csproj]
C:\Users\aruli.baskaran\source\repos\BrowserstackIssueProject\BrowserstackIssueProject\obj\Debug\net6.0\BrowserStackPatch.cs(116,7): error CS0101: The namespace '<global namespace>' already contains a definition for 'BrowserStackOptions' [C:\Users\aruli.baskaran\source\repos\BrowserstackIssueProject\BrowserstackIssueProject\BrowserstackIssueProject.csproj]
C:\Users\aruli.baskaran\source\repos\BrowserstackIssueProject\BrowserstackIssueProject\obj\Debug\net6.0\BrowserStackPatch.cs(153,7): error CS0101: The namespace '<global namespace>' already contains a definition for 'ExecutorPatch' [C:\Users\aruli.baskaran\source\repos\BrowserstackIssueProject\BrowserstackIssueProject\BrowserstackIssueProject.csproj]
C:\Users\aruli.baskaran\source\repos\BrowserstackIssueProject\BrowserstackIssueProject\obj\Debug\net6.0\BrowserStackPatch.cs(166,7): error CS0101: The namespace '<global namespace>' already contains a definition for 'ResponsePatch' [C:\Users\aruli.baskaran\source\repos\BrowserstackIssueProject\BrowserstackIssueProject\BrowserstackIssueProject.csproj]
C:\Users\aruli.baskaran\source\repos\BrowserstackIssueProject\BrowserstackIssueProject\obj\Debug\net6.0\BrowserStackPatch.cs(191,7): error CS0101: The namespace '<global namespace>' already contains a definition for 'CommandExecutorPatch' [C:\Users\aruli.baskaran\source\repos\BrowserstackIssueProject\BrowserstackIssueProject\BrowserstackIssueProject.csproj]
C:\Users\aruli.baskaran\source\repos\BrowserstackIssueProject\BrowserstackIssueProject\obj\Debug\net6.0\BrowserStackPatch.cs(208,7): error CS0101: The namespace '<global namespace>' already contains a definition for 'ServicePatch' [C:\Users\aruli.baskaran\source\repos\BrowserstackIssueProject\BrowserstackIssueProject\BrowserstackIssueProject.csproj]
C:\Users\aruli.baskaran\source\repos\BrowserstackIssueProject\BrowserstackIssueProject\obj\Debug\net6.0\BrowserStackPatch.cs(224,7): error CS0101: The namespace '<global namespace>' already contains a definition for 'FindDriverServiceExecutablePatch' [C:\Users\aruli.baskaran\source\repos\BrowserstackIssueProject\BrowserstackIssueProject\BrowserstackIssueProject.csproj]
C:\Users\aruli.baskaran\source\repos\BrowserstackIssueProject\BrowserstackIssueProject\obj\Debug\net6.0\BrowserStackPatch.cs(238,7): error CS0101: The namespace '<global namespace>' already contains a definition for 'StartPatch' [C:\Users\aruli.baskaran\source\repos\BrowserstackIssueProject\BrowserstackIssueProject\BrowserstackIssueProject.csproj]
C:\Users\aruli.baskaran\source\repos\BrowserstackIssueProject\BrowserstackIssueProject\obj\Debug\net6.0\BrowserStackPatch.cs(249,7): error CS0101: The namespace '<global namespace>' already contains a definition for 'WebDriverPatch' [C:\Users\aruli.baskaran\source\repos\BrowserstackIssueProject\BrowserstackIssueProject\BrowserstackIssueProject.csproj]
C:\Users\aruli.baskaran\source\repos\BrowserstackIssueProject\BrowserstackIssueProject\obj\Debug\net6.0\BrowserStackPatch.cs(413,7): error CS0101: The namespace '<global namespace>' already contains a definition for 'QuitPatch' [C:\Users\aruli.baskaran\source\repos\BrowserstackIssueProject\BrowserstackIssueProject\BrowserstackIssueProject.csproj]
C:\Users\aruli.baskaran\source\repos\BrowserstackIssueProject\BrowserstackIssueProject\obj\Debug\net6.0\BrowserStackPatch.cs(437,7): error CS0101: The namespace '<global namespace>' already contains a definition for 'GoToUrlPatch' [C:\Users\aruli.baskaran\source\repos\BrowserstackIssueProject\BrowserstackIssueProject\BrowserstackIssueProject.csproj]
C:\Users\aruli.baskaran\source\repos\BrowserstackIssueProject\BrowserstackIssueProject\obj\Debug\net6.0\BrowserStackPatch.cs(609,7): error CS0101: The namespace '<global namespace>' already contains a definition for 'Patch07' [C:\Users\aruli.baskaran\source\repos\BrowserstackIssueProject\BrowserstackIssueProject\BrowserstackIssueProject.csproj]
C:\Users\aruli.baskaran\source\repos\BrowserstackIssueProject\BrowserstackIssueProject\obj\Debug\net6.0\BrowserStackPatch.cs(620,7): error CS0101: The namespace '<global namespace>' already contains a definition for 'PatchTest' [C:\Users\aruli.baskaran\source\repos\BrowserstackIssueProject\BrowserstackIssueProject\BrowserstackIssueProject.csproj]
C:\Users\aruli.baskaran\source\repos\BrowserstackIssueProject\BrowserstackIssueProject\obj\Debug\net6.0\BrowserStackPatch.cs(240,17): error CS0111: Type 'StartPatch' already defines a member called 'Prefix' with the same parameter types [C:\Users\aruli.baskaran\source\repos\BrowserstackIssueProject\BrowserstackIssueProject\BrowserstackIssueProject.csproj]
C:\Users\aruli.baskaran\source\repos\BrowserstackIssueProject\BrowserstackIssueProject\obj\Debug\net6.0\BrowserStackPatch.cs(79,24): error CS0111: Type 'BrowserstackPatcher' already defines a member called 'DoPatching' with the same parameter types [C:\Users\aruli.baskaran\source\repos\BrowserstackIssueProject\BrowserstackIssueProject\BrowserstackIssueProject.csproj]
C:\Users\aruli.baskaran\source\repos\BrowserstackIssueProject\BrowserstackIssueProject\obj\Debug\net6.0\BrowserStackPatch.cs(623,24): error CS0111: Type 'PatchTest' already defines a member called 'Prefix' with the same parameter types [C:\Users\aruli.baskaran\source\repos\BrowserstackIssueProject\BrowserstackIssueProject\BrowserstackIssueProject.csproj]
C:\Users\aruli.baskaran\source\repos\BrowserstackIssueProject\BrowserstackIssueProject\obj\Debug\net6.0\BrowserStackPatch.cs(628,29): error CS0111: Type 'PatchTest' already defines a member called 'Finalizer' with the same parameter types [C:\Users\aruli.baskaran\source\repos\BrowserstackIssueProject\BrowserstackIssueProject\BrowserstackIssueProject.csproj]
C:\Users\aruli.baskaran\source\repos\BrowserstackIssueProject\BrowserstackIssueProject\obj\Debug\net6.0\BrowserStackPatch.cs(226,23): error CS0111: Type 'FindDriverServiceExecutablePatch' already defines a member called 'TargetMethod' with the same parameter types [C:\Users\aruli.baskaran\source\repos\BrowserstackIssueProject\BrowserstackIssueProject\BrowserstackIssueProject.csproj]
C:\Users\aruli.baskaran\source\repos\BrowserstackIssueProject\BrowserstackIssueProject\obj\Debug\net6.0\BrowserStackPatch.cs(231,17): error CS0111: Type 'FindDriverServiceExecutablePatch' already defines a member called 'Prefix' with the same parameter types [C:\Users\aruli.baskaran\source\repos\BrowserstackIssueProject\BrowserstackIssueProject\BrowserstackIssueProject.csproj]
C:\Users\aruli.baskaran\source\repos\BrowserstackIssueProject\BrowserstackIssueProject\obj\Debug\net6.0\BrowserStackPatch.cs(441,29): error CS0111: Type 'GoToUrlPatch' already defines a member called 'TargetMethods' with the same parameter types [C:\Users\aruli.baskaran\source\repos\BrowserstackIssueProject\BrowserstackIssueProject\BrowserstackIssueProject.csproj]
C:\Users\aruli.baskaran\source\repos\BrowserstackIssueProject\BrowserstackIssueProject\obj\Debug\net6.0\BrowserStackPatch.cs(449,17): error CS0111: Type 'GoToUrlPatch' already defines a member called 'Prefix' with the same parameter types [C:\Users\aruli.baskaran\source\repos\BrowserstackIssueProject\BrowserstackIssueProject\BrowserstackIssueProject.csproj]
C:\Users\aruli.baskaran\source\repos\BrowserstackIssueProject\BrowserstackIssueProject\obj\Debug\net6.0\BrowserStackPatch.cs(456,17): error CS0111: Type 'GoToUrlPatch' already defines a member called 'getNudgeLocalNotSetError' with the same parameter types [C:\Users\aruli.baskaran\source\repos\BrowserstackIssueProject\BrowserstackIssueProject\BrowserstackIssueProject.csproj]
C:\Users\aruli.baskaran\source\repos\BrowserstackIssueProject\BrowserstackIssueProject\obj\Debug\net6.0\BrowserStackPatch.cs(490,19): error CS0111: Type 'GoToUrlPatch' already defines a member called 'GetHostName' with the same parameter types [C:\Users\aruli.baskaran\source\repos\BrowserstackIssueProject\BrowserstackIssueProject\BrowserstackIssueProject.csproj]
C:\Users\aruli.baskaran\source\repos\BrowserstackIssueProject\BrowserstackIssueProject\obj\Debug\net6.0\BrowserStackPatch.cs(506,17): error CS0111: Type 'GoToUrlPatch' already defines a member called 'IsPrivateDomainOrIP' with the same parameter types [C:\Users\aruli.baskaran\source\repos\BrowserstackIssueProject\BrowserstackIssueProject\BrowserstackIssueProject.csproj]
C:\Users\aruli.baskaran\source\repos\BrowserstackIssueProject\BrowserstackIssueProject\obj\Debug\net6.0\BrowserStackPatch.cs(529,26): error CS0111: Type 'GoToUrlPatch' already defines a member called 'GetTempDir' with the same parameter types [C:\Users\aruli.baskaran\source\repos\BrowserstackIssueProject\BrowserstackIssueProject\BrowserstackIssueProject.csproj]
C:\Users\aruli.baskaran\source\repos\BrowserstackIssueProject\BrowserstackIssueProject\obj\Debug\net6.0\BrowserStackPatch.cs(546,22): error CS0111: Type 'GoToUrlPatch' already defines a member called 'Finalizer' with the same parameter types [C:\Users\aruli.baskaran\source\repos\BrowserstackIssueProject\BrowserstackIssueProject\BrowserstackIssueProject.csproj]
C:\Users\aruli.baskaran\source\repos\BrowserstackIssueProject\BrowserstackIssueProject\obj\Debug\net6.0\BrowserStackPatch.cs(34,26): error CS0111: Type 'Initializer' already defines a member called 'Run' with the same parameter types [C:\Users\aruli.baskaran\source\repos\BrowserstackIssueProject\BrowserstackIssueProject\BrowserstackIssueProject.csproj]
C:\Users\aruli.baskaran\source\repos\BrowserstackIssueProject\BrowserstackIssueProject\obj\Debug\net6.0\BrowserStackPatch.cs(64,17): error CS0111: Type 'Initializer' already defines a member called 'VanilaErrorHandler' with the same parameter types [C:\Users\aruli.baskaran\source\repos\BrowserstackIssueProject\BrowserstackIssueProject\BrowserstackIssueProject.csproj]
C:\Users\aruli.baskaran\source\repos\BrowserstackIssueProject\BrowserstackIssueProject\obj\Debug\net6.0\BrowserStackPatch.cs(210,17): error CS0111: Type 'ServicePatch' already defines a member called 'Prefix' with the same parameter types [C:\Users\aruli.baskaran\source\repos\BrowserstackIssueProject\BrowserstackIssueProject\BrowserstackIssueProject.csproj]
C:\Users\aruli.baskaran\source\repos\BrowserstackIssueProject\BrowserstackIssueProject\obj\Debug\net6.0\BrowserStackPatch.cs(155,17): error CS0111: Type 'ExecutorPatch' already defines a member called 'Prefix' with the same parameter types [C:\Users\aruli.baskaran\source\repos\BrowserstackIssueProject\BrowserstackIssueProject\BrowserstackIssueProject.csproj]
C:\Users\aruli.baskaran\source\repos\BrowserstackIssueProject\BrowserstackIssueProject\obj\Debug\net6.0\BrowserStackPatch.cs(118,12): error CS0111: Type 'BrowserStackOptions' already defines a member called 'BrowserStackOptions' with the same parameter types [C:\Users\aruli.baskaran\source\repos\BrowserstackIssueProject\BrowserstackIssueProject\BrowserstackIssueProject.csproj]
C:\Users\aruli.baskaran\source\repos\BrowserstackIssueProject\BrowserstackIssueProject\obj\Debug\net6.0\BrowserStackPatch.cs(128,17): error CS0111: Type 'BrowserStackOptions' already defines a member called 'AddBrowserName' with the same parameter types [C:\Users\aruli.baskaran\source\repos\BrowserstackIssueProject\BrowserstackIssueProject\BrowserstackIssueProject.csproj]
C:\Users\aruli.baskaran\source\repos\BrowserstackIssueProject\BrowserstackIssueProject\obj\Debug\net6.0\BrowserStackPatch.cs(134,17): error CS0111: Type 'BrowserStackOptions' already defines a member called 'AddBrowserVersion' with the same parameter types [C:\Users\aruli.baskaran\source\repos\BrowserstackIssueProject\BrowserstackIssueProject\BrowserstackIssueProject.csproj]
C:\Users\aruli.baskaran\source\repos\BrowserstackIssueProject\BrowserstackIssueProject\obj\Debug\net6.0\BrowserStackPatch.cs(142,35): error CS0111: Type 'BrowserStackOptions' already defines a member called 'ToCapabilities' with the same parameter types [C:\Users\aruli.baskaran\source\repos\BrowserstackIssueProject\BrowserstackIssueProject\BrowserstackIssueProject.csproj]
C:\Users\aruli.baskaran\source\repos\BrowserstackIssueProject\BrowserstackIssueProject\obj\Debug\net6.0\BrowserStackPatch.cs(193,17): error CS0111: Type 'CommandExecutorPatch' already defines a member called 'Prefix' with the same parameter types [C:\Users\aruli.baskaran\source\repos\BrowserstackIssueProject\BrowserstackIssueProject\BrowserstackIssueProject.csproj]
C:\Users\aruli.baskaran\source\repos\BrowserstackIssueProject\BrowserstackIssueProject\obj\Debug\net6.0\BrowserStackPatch.cs(100,12): error CS0111: Type 'BrowserStackException' already defines a member called 'BrowserStackException' with the same parameter types [C:\Users\aruli.baskaran\source\repos\BrowserstackIssueProject\BrowserstackIssueProject\BrowserstackIssueProject.csproj]
C:\Users\aruli.baskaran\source\repos\BrowserstackIssueProject\BrowserstackIssueProject\obj\Debug\net6.0\BrowserStackPatch.cs(415,24): error CS0111: Type 'QuitPatch' already defines a member called 'Prefix' with the same parameter types [C:\Users\aruli.baskaran\source\repos\BrowserstackIssueProject\BrowserstackIssueProject\BrowserstackIssueProject.csproj]
C:\Users\aruli.baskaran\source\repos\BrowserstackIssueProject\BrowserstackIssueProject\obj\Debug\net6.0\BrowserStackPatch.cs(168,17): error CS0111: Type 'ResponsePatch' already defines a member called 'Postfix' with the same parameter types [C:\Users\aruli.baskaran\source\repos\BrowserstackIssueProject\BrowserstackIssueProject\BrowserstackIssueProject.csproj]
C:\Users\aruli.baskaran\source\repos\BrowserstackIssueProject\BrowserstackIssueProject\obj\Debug\net6.0\BrowserStackPatch.cs(611,13): error CS0111: Type 'Patch07' already defines a member called 'Prefix' with the same parameter types [C:\Users\aruli.baskaran\source\repos\BrowserstackIssueProject\BrowserstackIssueProject\BrowserstackIssueProject.csproj]
C:\Users\aruli.baskaran\source\repos\BrowserstackIssueProject\BrowserstackIssueProject\obj\Debug\net6.0\BrowserStackPatch.cs(257,17): error CS0111: Type 'WebDriverPatch' already defines a member called 'Prefix' with the same parameter types [C:\Users\aruli.baskaran\source\repos\BrowserstackIssueProject\BrowserstackIssueProject\BrowserstackIssueProject.csproj]
C:\Users\aruli.baskaran\source\repos\BrowserstackIssueProject\BrowserstackIssueProject\obj\Debug\net6.0\BrowserStackPatch.cs(407,17): error CS0111: Type 'WebDriverPatch' already defines a member called 'Postfix' with the same parameter types [C:\Users\aruli.baskaran\source\repos\BrowserstackIssueProject\BrowserstackIssueProject\BrowserstackIssueProject.csproj]
    4 Warning(s)
    43 Error(s)

Time Elapsed 00:00:14.23

